<?xml version="1.0" encoding="UTF-8" standalone="no"?>
<testsuite errors="0" failures="1" name="io.cucumber.core.plugin.JUnitFormatter" skipped="0" tests="3" time="15.488">
    <testcase classname="Log in Page Features" name="Log in page title" time="4.421">
        <system-out>
            <![CDATA[Given user its on log in page...............................................passed
When users gets the title of the pages......................................passed
Then page title should be "Login - My Store"................................passed
]]>
        </system-out>
    </testcase>
    <testcase classname="Log in Page Features" name="Forgot password link" time="3.767">
        <system-out>
            <![CDATA[When forgot password link should bd display.................................passed
]]>
        </system-out>
    </testcase>
    <testcase classname="Log in Page Features" name="Login with correct credentials" time="7.084">
        <failure message="" type="java.lang.AssertionError">
            <![CDATA[When user enter username "dec2020secondbatch@gmail.com".....................passed
And user enter password "Selenium@12345"....................................passed
And user click on log in button.............................................passed
Then user get the title of the accountPage "My account - My Store"..........failed

StackTrace:
java.lang.AssertionError
	at org.junit.Assert.fail(Assert.java:86)
	at org.junit.Assert.assertTrue(Assert.java:41)
	at org.junit.Assert.assertTrue(Assert.java:52)
	at stepdefinition.LoginPageSteps.user_get_the_title_of_the_account_page(LoginPageSteps.java:58)
	at ✽.user get the title of the accountPage "My account - My Store"(file:///C:/Users/Mazba/Desktop/New%20folder/Ecommerce_BDD_FrameWork/src/test/java/AppFeatures/loginPage.feature:20)
]]>
        </failure>
    </testcase>
</testsuite>
