<?xml version="1.0" encoding="UTF-8" standalone="no"?>
<testsuite errors="0" failures="1" name="io.cucumber.core.plugin.JUnitFormatter" skipped="0" tests="2" time="11.859">
    <testcase classname="Account Page Feature" name="Account page title" time="5.958">
        <system-out>
            <![CDATA[Given user already login into the application...............................passed
Given user is on account page...............................................passed
]]>
        </system-out>
    </testcase>
    <testcase classname="Account Page Feature" name="Account section count" time="5.682">
        <failure message="" type="java.lang.AssertionError">
            <![CDATA[Given user already login into the application...............................passed
Given user is on account page...............................................passed
Then user gets account section..............................................failed
And account section should be 5.............................................skipped

StackTrace:
java.lang.AssertionError
	at org.junit.Assert.fail(Assert.java:86)
	at org.junit.Assert.assertTrue(Assert.java:41)
	at org.junit.Assert.assertTrue(Assert.java:52)
	at stepdefinition.AccountPagesSteps.user_gets_account_section(AccountPagesSteps.java:40)
	at âœ½.user gets account section(file:///C:/Users/Mazba/Desktop/New%20folder/Ecommerce_BDD_FrameWork/src/test/java/AppFeatures/AccountPage.feature:16)
]]>
        </failure>
    </testcase>
</testsuite>
